<?xml version="1.0" encoding="UTF-8"?>
<!-- Generated by org.testng.reporters.JUnitReportReporter -->
<testsuite skipped="0" hostname="SPHINX" name="example.NewTest" tests="1" failures="0" timestamp="14 Jan 2019 07:20:43 GMT" time="5.893" errors="0">
  <testcase name="test1" time="5.893" classname="example.NewTest"/>
</testsuite> <!-- example.NewTest -->
